# JRE version: OpenJDK Runtime Environment (8.0_242-b01) (build 1.8.0_242-release-1644-b01)
# Java VM: OpenJDK 64-Bit Server VM (25.242-b01 mixed mode windows-amd64 compressed oops)
Heap:
 PSYoungGen      total 98816K, used 64189K [0x00000000d8380000, 0x00000000dfb80000, 0x0000000100000000)
  eden space 82432K, 58% used [0x00000000d8380000,0x00000000db234ec0,0x00000000dd400000)
  from space 16384K, 99% used [0x00000000de700000,0x00000000df6fa768,0x00000000df700000)
  to   space 19456K, 0% used [0x00000000dd400000,0x00000000dd400000,0x00000000de700000)
 ParOldGen       total 115712K, used 46760K [0x0000000088a00000, 0x000000008fb00000, 0x00000000d8380000)
  object space 115712K, 40% used [0x0000000088a00000,0x000000008b7aa050,0x000000008fb00000)
 Metaspace       used 57242K, capacity 58344K, committed 58624K, reserved 1101824K
  class space    used 6589K, capacity 6883K, committed 6912K, reserved 1048576K
GC Heap History (10 events):
Event: 6.526 GC heap before
{Heap before GC invocations=8 (full 2):
 PSYoungGen      total 78336K, used 11078K [0x00000000d8380000, 0x00000000df700000, 0x0000000100000000)
  eden space 62464K, 0% used [0x00000000d8380000,0x00000000d8380000,0x00000000dc080000)
  from space 15872K, 69% used [0x00000000dd000000,0x00000000ddad1938,0x00000000ddf80000)
  to   space 15872K, 0% used [0x00000000dc080000,0x00000000dc080000,0x00000000dd000000)
 ParOldGen       total 63488K, used 21993K [0x0000000088a00000, 0x000000008c800000, 0x00000000d8380000)
  object space 63488K, 34% used [0x0000000088a00000,0x0000000089f7a710,0x000000008c800000)
 Metaspace       used 34828K, capacity 35336K, committed 35496K, reserved 1081344K
  class space    used 4454K, capacity 4603K, committed 4608K, reserved 1048576K
Event: 6.640 GC heap after
Heap after GC invocations=8 (full 2):
 PSYoungGen      total 78336K, used 0K [0x00000000d8380000, 0x00000000df700000, 0x0000000100000000)
  eden space 62464K, 0% used [0x00000000d8380000,0x00000000d8380000,0x00000000dc080000)
  from space 15872K, 0% used [0x00000000dd000000,0x00000000dd000000,0x00000000ddf80000)
  to   space 15872K, 0% used [0x00000000dc080000,0x00000000dc080000,0x00000000dd000000)
 ParOldGen       total 115712K, used 24716K [0x0000000088a00000, 0x000000008fb00000, 0x00000000d8380000)
  object space 115712K, 21% used [0x0000000088a00000,0x000000008a223218,0x000000008fb00000)
 Metaspace       used 34828K, capacity 35336K, committed 35496K, reserved 1081344K
  class space    used 4454K, capacity 4603K, committed 4608K, reserved 1048576K
}
Event: 8.553 GC heap before
{Heap before GC invocations=9 (full 2):
 PSYoungGen      total 78336K, used 62464K [0x00000000d8380000, 0x00000000df700000, 0x0000000100000000)
  eden space 62464K, 100% used [0x00000000d8380000,0x00000000dc080000,0x00000000dc080000)
  from space 15872K, 0% used [0x00000000dd000000,0x00000000dd000000,0x00000000ddf80000)
  to   space 15872K, 0% used [0x00000000dc080000,0x00000000dc080000,0x00000000dd000000)
 ParOldGen       total 115712K, used 24716K [0x0000000088a00000, 0x000000008fb00000, 0x00000000d8380000)
  object space 115712K, 21% used [0x0000000088a00000,0x000000008a223218,0x000000008fb00000)
 Metaspace       used 39859K, capacity 40508K, committed 40832K, reserved 1085440K
  class space    used 4980K, capacity 5177K, committed 5248K, reserved 1048576K
Event: 8.584 GC heap after
Heap after GC invocations=9 (full 2):
 PSYoungGen      total 78336K, used 13371K [0x00000000d8380000, 0x00000000df700000, 0x0000000100000000)
  eden space 62464K, 0% used [0x00000000d8380000,0x00000000d8380000,0x00000000dc080000)
  from space 15872K, 84% used [0x00000000dc080000,0x00000000dcd8ede0,0x00000000dd000000)
  to   space 16384K, 0% used [0x00000000de700000,0x00000000de700000,0x00000000df700000)
 ParOldGen       total 115712K, used 24724K [0x0000000088a00000, 0x000000008fb00000, 0x00000000d8380000)
  object space 115712K, 21% used [0x0000000088a00000,0x000000008a225218,0x000000008fb00000)
 Metaspace       used 39859K, capacity 40508K, committed 40832K, reserved 1085440K
  class space    used 4980K, capacity 5177K, committed 5248K, reserved 1048576K
}
Event: 11.821 GC heap before
{Heap before GC invocations=10 (full 2):
 PSYoungGen      total 78336K, used 75835K [0x00000000d8380000, 0x00000000df700000, 0x0000000100000000)
  eden space 62464K, 100% used [0x00000000d8380000,0x00000000dc080000,0x00000000dc080000)
  from space 15872K, 84% used [0x00000000dc080000,0x00000000dcd8ede0,0x00000000dd000000)
  to   space 16384K, 0% used [0x00000000de700000,0x00000000de700000,0x00000000df700000)
 ParOldGen       total 115712K, used 24724K [0x0000000088a00000, 0x000000008fb00000, 0x00000000d8380000)
  object space 115712K, 21% used [0x0000000088a00000,0x000000008a225218,0x000000008fb00000)
 Metaspace       used 42348K, capacity 43056K, committed 43264K, reserved 1087488K
  class space    used 5152K, capacity 5327K, committed 5376K, reserved 1048576K
Event: 11.851 GC heap after
Heap after GC invocations=10 (full 2):
 PSYoungGen      total 98816K, used 16357K [0x00000000d8380000, 0x00000000dfb80000, 0x0000000100000000)
  eden space 82432K, 0% used [0x00000000d8380000,0x00000000d8380000,0x00000000dd400000)
  from space 16384K, 99% used [0x00000000de700000,0x00000000df6f9760,0x00000000df700000)
  to   space 19456K, 0% used [0x00000000dd400000,0x00000000dd400000,0x00000000de700000)
 ParOldGen       total 115712K, used 26479K [0x0000000088a00000, 0x000000008fb00000, 0x00000000d8380000)
  object space 115712K, 22% used [0x0000000088a00000,0x000000008a3dbd30,0x000000008fb00000)
 Metaspace       used 42348K, capacity 43056K, committed 43264K, reserved 1087488K
  class space    used 5152K, capacity 5327K, committed 5376K, reserved 1048576K
}
Event: 16.618 GC heap before
{Heap before GC invocations=11 (full 2):
 PSYoungGen      total 98816K, used 98789K [0x00000000d8380000, 0x00000000dfb80000, 0x0000000100000000)
  eden space 82432K, 100% used [0x00000000d8380000,0x00000000dd400000,0x00000000dd400000)
  from space 16384K, 99% used [0x00000000de700000,0x00000000df6f9760,0x00000000df700000)
  to   space 19456K, 0% used [0x00000000dd400000,0x00000000dd400000,0x00000000de700000)
 ParOldGen       total 115712K, used 26479K [0x0000000088a00000, 0x000000008fb00000, 0x00000000d8380000)
  object space 115712K, 22% used [0x0000000088a00000,0x000000008a3dbd30,0x000000008fb00000)
 Metaspace       used 48319K, capacity 49182K, committed 49664K, reserved 1093632K
  class space    used 5830K, capacity 6040K, committed 6144K, reserved 1048576K
Event: 16.688 GC heap after
Heap after GC invocations=11 (full 2):
 PSYoungGen      total 101888K, used 19430K [0x00000000d8380000, 0x00000000dfb80000, 0x0000000100000000)
  eden space 82432K, 0% used [0x00000000d8380000,0x00000000d8380000,0x00000000dd400000)
  from space 19456K, 99% used [0x00000000dd400000,0x00000000de6f9800,0x00000000de700000)
  to   space 16384K, 0% used [0x00000000de700000,0x00000000de700000,0x00000000df700000)
 ParOldGen       total 115712K, used 35809K [0x0000000088a00000, 0x000000008fb00000, 0x00000000d8380000)
  object space 115712K, 30% used [0x0000000088a00000,0x000000008acf8538,0x000000008fb00000)
 Metaspace       used 48319K, capacity 49182K, committed 49664K, reserved 1093632K
  class space    used 5830K, capacity 6040K, committed 6144K, reserved 1048576K
}
Event: 21.746 GC heap before
{Heap before GC invocations=12 (full 2):
 PSYoungGen      total 101888K, used 101862K [0x00000000d8380000, 0x00000000dfb80000, 0x0000000100000000)
  eden space 82432K, 100% used [0x00000000d8380000,0x00000000dd400000,0x00000000dd400000)
  from space 19456K, 99% used [0x00000000dd400000,0x00000000de6f9800,0x00000000de700000)
  to   space 16384K, 0% used [0x00000000de700000,0x00000000de700000,0x00000000df700000)
 ParOldGen       total 115712K, used 35809K [0x0000000088a00000, 0x000000008fb00000, 0x00000000d8380000)
  object space 115712K, 30% used [0x0000000088a00000,0x000000008acf8538,0x000000008fb00000)
 Metaspace       used 51460K, capacity 52360K, committed 52736K, reserved 1095680K
  class space    used 6081K, capacity 6299K, committed 6400K, reserved 1048576K
Event: 21.795 GC heap after
Heap after GC invocations=12 (full 2):
 PSYoungGen      total 98816K, used 16361K [0x00000000d8380000, 0x00000000dfb80000, 0x0000000100000000)
  eden space 82432K, 0% used [0x00000000d8380000,0x00000000d8380000,0x00000000dd400000)
  from space 16384K, 99% used [0x00000000de700000,0x00000000df6fa768,0x00000000df700000)
  to   space 19456K, 0% used [0x00000000dd400000,0x00000000dd400000,0x00000000de700000)
 ParOldGen       total 115712K, used 46760K [0x0000000088a00000, 0x000000008fb00000, 0x00000000d8380000)
  object space 115712K, 40% used [0x0000000088a00000,0x000000008b7aa050,0x000000008fb00000)
 Metaspace       used 51460K, capacity 52360K, committed 52736K, reserved 1095680K
  class space    used 6081K, capacity 6299K, committed 6400K, reserved 1048576K
}

