# JRE version: OpenJDK Runtime Environment (8.0_242-b01) (build 1.8.0_242-release-1644-b01)
# Java VM: OpenJDK 64-Bit Server VM (25.242-b01 mixed mode windows-amd64 compressed oops)
Heap:
 PSYoungGen      total 282112K, used 135919K [0x00000000e0000000, 0x00000000f4c00000, 0x0000000100000000)
  eden space 236544K, 49% used [0x00000000e0000000,0x00000000e7180928,0x00000000ee700000)
  from space 45568K, 43% used [0x00000000ee700000,0x00000000efa3b668,0x00000000f1380000)
  to   space 43520K, 0% used [0x00000000f2180000,0x00000000f2180000,0x00000000f4c00000)
 ParOldGen       total 171008K, used 59188K [0x00000000a0000000, 0x00000000aa700000, 0x00000000e0000000)
  object space 171008K, 34% used [0x00000000a0000000,0x00000000a39cd020,0x00000000aa700000)
 Metaspace       used 127497K, capacity 133440K, committed 133784K, reserved 1165312K
  class space    used 16525K, capacity 17607K, committed 17816K, reserved 1048576K
GC Heap History (10 events):
Event: 5540.226 GC heap before
{Heap before GC invocations=32 (full 4):
 PSYoungGen      total 244224K, used 231093K [0x00000000e0000000, 0x00000000f2800000, 0x0000000100000000)
  eden space 205312K, 100% used [0x00000000e0000000,0x00000000ec880000,0x00000000ec880000)
  from space 38912K, 66% used [0x00000000ec880000,0x00000000ee1ad550,0x00000000eee80000)
  to   space 39936K, 0% used [0x00000000f0100000,0x00000000f0100000,0x00000000f2800000)
 ParOldGen       total 171008K, used 47687K [0x00000000a0000000, 0x00000000aa700000, 0x00000000e0000000)
  object space 171008K, 27% used [0x00000000a0000000,0x00000000a2e91d70,0x00000000aa700000)
 Metaspace       used 113560K, capacity 118822K, committed 118936K, reserved 1153024K
  class space    used 14679K, capacity 15713K, committed 15768K, reserved 1048576K
Event: 5540.285 GC heap after
Heap after GC invocations=32 (full 4):
 PSYoungGen      total 257024K, used 23974K [0x00000000e0000000, 0x00000000f2500000, 0x0000000100000000)
  eden space 220160K, 0% used [0x00000000e0000000,0x00000000e0000000,0x00000000ed700000)
  from space 36864K, 65% used [0x00000000f0100000,0x00000000f18698d0,0x00000000f2500000)
  to   space 39936K, 0% used [0x00000000ed700000,0x00000000ed700000,0x00000000efe00000)
 ParOldGen       total 171008K, used 47695K [0x00000000a0000000, 0x00000000aa700000, 0x00000000e0000000)
  object space 171008K, 27% used [0x00000000a0000000,0x00000000a2e93d70,0x00000000aa700000)
 Metaspace       used 113560K, capacity 118822K, committed 118936K, reserved 1153024K
  class space    used 14679K, capacity 15713K, committed 15768K, reserved 1048576K
}
Event: 5560.250 GC heap before
{Heap before GC invocations=33 (full 4):
 PSYoungGen      total 257024K, used 244134K [0x00000000e0000000, 0x00000000f2500000, 0x0000000100000000)
  eden space 220160K, 100% used [0x00000000e0000000,0x00000000ed700000,0x00000000ed700000)
  from space 36864K, 65% used [0x00000000f0100000,0x00000000f18698d0,0x00000000f2500000)
  to   space 39936K, 0% used [0x00000000ed700000,0x00000000ed700000,0x00000000efe00000)
 ParOldGen       total 171008K, used 47695K [0x00000000a0000000, 0x00000000aa700000, 0x00000000e0000000)
  object space 171008K, 27% used [0x00000000a0000000,0x00000000a2e93d70,0x00000000aa700000)
 Metaspace       used 116613K, capacity 122134K, committed 122392K, reserved 1155072K
  class space    used 15073K, capacity 16139K, committed 16152K, reserved 1048576K
Event: 5560.408 GC heap after
Heap after GC invocations=33 (full 4):
 PSYoungGen      total 260096K, used 34553K [0x00000000e0000000, 0x00000000f3e00000, 0x0000000100000000)
  eden space 220160K, 0% used [0x00000000e0000000,0x00000000e0000000,0x00000000ed700000)
  from space 39936K, 86% used [0x00000000ed700000,0x00000000ef8be618,0x00000000efe00000)
  to   space 43520K, 0% used [0x00000000f1380000,0x00000000f1380000,0x00000000f3e00000)
 ParOldGen       total 171008K, used 47703K [0x00000000a0000000, 0x00000000aa700000, 0x00000000e0000000)
  object space 171008K, 27% used [0x00000000a0000000,0x00000000a2e95d70,0x00000000aa700000)
 Metaspace       used 116613K, capacity 122134K, committed 122392K, reserved 1155072K
  class space    used 15073K, capacity 16139K, committed 16152K, reserved 1048576K
}
Event: 5564.991 GC heap before
{Heap before GC invocations=34 (full 4):
 PSYoungGen      total 260096K, used 34775K [0x00000000e0000000, 0x00000000f3e00000, 0x0000000100000000)
  eden space 220160K, 0% used [0x00000000e0000000,0x00000000e0037868,0x00000000ed700000)
  from space 39936K, 86% used [0x00000000ed700000,0x00000000ef8be618,0x00000000efe00000)
  to   space 43520K, 0% used [0x00000000f1380000,0x00000000f1380000,0x00000000f3e00000)
 ParOldGen       total 171008K, used 47703K [0x00000000a0000000, 0x00000000aa700000, 0x00000000e0000000)
  object space 171008K, 27% used [0x00000000a0000000,0x00000000a2e95d70,0x00000000aa700000)
 Metaspace       used 116613K, capacity 122134K, committed 122392K, reserved 1155072K
  class space    used 15073K, capacity 16139K, committed 16152K, reserved 1048576K
Event: 5565.107 GC heap after
Heap after GC invocations=34 (full 4):
 PSYoungGen      total 280064K, used 32747K [0x00000000e0000000, 0x00000000f4200000, 0x0000000100000000)
  eden space 236544K, 0% used [0x00000000e0000000,0x00000000e0000000,0x00000000ee700000)
  from space 43520K, 75% used [0x00000000f1380000,0x00000000f337ae50,0x00000000f3e00000)
  to   space 45568K, 0% used [0x00000000ee700000,0x00000000ee700000,0x00000000f1380000)
 ParOldGen       total 171008K, used 47711K [0x00000000a0000000, 0x00000000aa700000, 0x00000000e0000000)
  object space 171008K, 27% used [0x00000000a0000000,0x00000000a2e97d70,0x00000000aa700000)
 Metaspace       used 116613K, capacity 122134K, committed 122392K, reserved 1155072K
  class space    used 15073K, capacity 16139K, committed 16152K, reserved 1048576K
}
Event: 5565.108 GC heap before
{Heap before GC invocations=35 (full 5):
 PSYoungGen      total 280064K, used 32747K [0x00000000e0000000, 0x00000000f4200000, 0x0000000100000000)
  eden space 236544K, 0% used [0x00000000e0000000,0x00000000e0000000,0x00000000ee700000)
  from space 43520K, 75% used [0x00000000f1380000,0x00000000f337ae50,0x00000000f3e00000)
  to   space 45568K, 0% used [0x00000000ee700000,0x00000000ee700000,0x00000000f1380000)
 ParOldGen       total 171008K, used 47711K [0x00000000a0000000, 0x00000000aa700000, 0x00000000e0000000)
  object space 171008K, 27% used [0x00000000a0000000,0x00000000a2e97d70,0x00000000aa700000)
 Metaspace       used 116613K, capacity 122134K, committed 122392K, reserved 1155072K
  class space    used 15073K, capacity 16139K, committed 16152K, reserved 1048576K
Event: 5566.491 GC heap after
Heap after GC invocations=35 (full 5):
 PSYoungGen      total 280064K, used 0K [0x00000000e0000000, 0x00000000f4200000, 0x0000000100000000)
  eden space 236544K, 0% used [0x00000000e0000000,0x00000000e0000000,0x00000000ee700000)
  from space 43520K, 0% used [0x00000000f1380000,0x00000000f1380000,0x00000000f3e00000)
  to   space 45568K, 0% used [0x00000000ee700000,0x00000000ee700000,0x00000000f1380000)
 ParOldGen       total 171008K, used 59180K [0x00000000a0000000, 0x00000000aa700000, 0x00000000e0000000)
  object space 171008K, 34% used [0x00000000a0000000,0x00000000a39cb020,0x00000000aa700000)
 Metaspace       used 113259K, capacity 117682K, committed 122392K, reserved 1155072K
  class space    used 14568K, capacity 15424K, committed 16152K, reserved 1048576K
}
Event: 5853.631 GC heap before
{Heap before GC invocations=36 (full 5):
 PSYoungGen      total 280064K, used 236544K [0x00000000e0000000, 0x00000000f4200000, 0x0000000100000000)
  eden space 236544K, 100% used [0x00000000e0000000,0x00000000ee700000,0x00000000ee700000)
  from space 43520K, 0% used [0x00000000f1380000,0x00000000f1380000,0x00000000f3e00000)
  to   space 45568K, 0% used [0x00000000ee700000,0x00000000ee700000,0x00000000f1380000)
 ParOldGen       total 171008K, used 59180K [0x00000000a0000000, 0x00000000aa700000, 0x00000000e0000000)
  object space 171008K, 34% used [0x00000000a0000000,0x00000000a39cb020,0x00000000aa700000)
 Metaspace       used 119092K, capacity 123866K, committed 125720K, reserved 1159168K
  class space    used 15318K, capacity 16244K, committed 16664K, reserved 1048576K
Event: 5853.742 GC heap after
Heap after GC invocations=36 (full 5):
 PSYoungGen      total 282112K, used 19693K [0x00000000e0000000, 0x00000000f4c00000, 0x0000000100000000)
  eden space 236544K, 0% used [0x00000000e0000000,0x00000000e0000000,0x00000000ee700000)
  from space 45568K, 43% used [0x00000000ee700000,0x00000000efa3b668,0x00000000f1380000)
  to   space 43520K, 0% used [0x00000000f2180000,0x00000000f2180000,0x00000000f4c00000)
 ParOldGen       total 171008K, used 59188K [0x00000000a0000000, 0x00000000aa700000, 0x00000000e0000000)
  object space 171008K, 34% used [0x00000000a0000000,0x00000000a39cd020,0x00000000aa700000)
 Metaspace       used 119092K, capacity 123866K, committed 125720K, reserved 1159168K
  class space    used 15318K, capacity 16244K, committed 16664K, reserved 1048576K
}

